{"uid":"a2354a5782cd8fa","name":"test_data_download","fullName":"Tests.Automata teszt.test_conduit.TestConduit#test_data_download","historyId":"fc981a1e49b86e955fd5d4fd5d65649e","time":{"start":1681650122919,"stop":1681650135362,"duration":12443},"status":"broken","statusMessage":"selenium.common.exceptions.TimeoutException: Message: \nStacktrace:\n#0 0x55becdfdffe3 <unknown>\n#1 0x55becdd1ed36 <unknown>\n#2 0x55becdd5bc4d <unknown>\n#3 0x55becdd5bd61 <unknown>\n#4 0x55becdd976a4 <unknown>\n#5 0x55becdd7c8ed <unknown>\n#6 0x55becdd95232 <unknown>\n#7 0x55becdd7c693 <unknown>\n#8 0x55becdd4f03a <unknown>\n#9 0x55becdd5017e <unknown>\n#10 0x55becdfa1dbd <unknown>\n#11 0x55becdfa5c6c <unknown>\n#12 0x55becdfaf4b0 <unknown>\n#13 0x55becdfa6d63 <unknown>\n#14 0x55becdf79c35 <unknown>\n#15 0x55becdfca138 <unknown>\n#16 0x55becdfca2c7 <unknown>\n#17 0x55becdfd8093 <unknown>\n#18 0x7f12299b1b43 <unknown>","statusTrace":"self = <test_conduit.TestConduit object at 0x7f59f10faad0>\n\n    def test_data_download(self):\n        manipulatepages = model.ManipulatePages()\n    \n        getusers = model.GetUsers()\n    \n        print()\n        print('ATC 11 - Adatok lementése felületről/Cikkek címének lementése csv-be')\n        print()\n    \n        # Bejelentkezem az alkalmazásba.\n        getusers.signin(self.browser, 'user4')\n        time.sleep(5)\n        # Megvárom, amíg megjelenik a \"Log out\" gomb az oldalon.\n>       getusers.logout_btn(self.browser)\n\nTests/Automata teszt/test_conduit.py:330: \n_ _ _ _ _ _ _ _ _ _ _ _ _ _ _ _ _ _ _ _ _ _ _ _ _ _ _ _ _ _ _ _ _ _ _ _ _ _ _ _ \nTests/Automata teszt/model.py:105: in logout_btn\n    return WebDriverWait(browser, 5).until(EC.presence_of_element_located((By.XPATH, \"//i[@class='ion-android-exit']\")))\n_ _ _ _ _ _ _ _ _ _ _ _ _ _ _ _ _ _ _ _ _ _ _ _ _ _ _ _ _ _ _ _ _ _ _ _ _ _ _ _ \n\nself = <selenium.webdriver.support.wait.WebDriverWait (session=\"edce7970d44b3c70cd97aa5c4a028629\")>\nmethod = <function presence_of_element_located.<locals>._predicate at 0x7f59ebf38700>\nmessage = ''\n\n    def until(self, method, message: str = \"\"):\n        \"\"\"Calls the method provided with the driver as an argument until the \\\n        return value does not evaluate to ``False``.\n    \n        :param method: callable(WebDriver)\n        :param message: optional message for :exc:`TimeoutException`\n        :returns: the result of the last call to `method`\n        :raises: :exc:`selenium.common.exceptions.TimeoutException` if timeout occurs\n        \"\"\"\n        screen = None\n        stacktrace = None\n    \n        end_time = time.monotonic() + self._timeout\n        while True:\n            try:\n                value = method(self._driver)\n                if value:\n                    return value\n            except self._ignored_exceptions as exc:\n                screen = getattr(exc, \"screen\", None)\n                stacktrace = getattr(exc, \"stacktrace\", None)\n            time.sleep(self._poll)\n            if time.monotonic() > end_time:\n                break\n>       raise TimeoutException(message, screen, stacktrace)\nE       selenium.common.exceptions.TimeoutException: Message: \nE       Stacktrace:\nE       #0 0x55becdfdffe3 <unknown>\nE       #1 0x55becdd1ed36 <unknown>\nE       #2 0x55becdd5bc4d <unknown>\nE       #3 0x55becdd5bd61 <unknown>\nE       #4 0x55becdd976a4 <unknown>\nE       #5 0x55becdd7c8ed <unknown>\nE       #6 0x55becdd95232 <unknown>\nE       #7 0x55becdd7c693 <unknown>\nE       #8 0x55becdd4f03a <unknown>\nE       #9 0x55becdd5017e <unknown>\nE       #10 0x55becdfa1dbd <unknown>\nE       #11 0x55becdfa5c6c <unknown>\nE       #12 0x55becdfaf4b0 <unknown>\nE       #13 0x55becdfa6d63 <unknown>\nE       #14 0x55becdf79c35 <unknown>\nE       #15 0x55becdfca138 <unknown>\nE       #16 0x55becdfca2c7 <unknown>\nE       #17 0x55becdfd8093 <unknown>\nE       #18 0x7f12299b1b43 <unknown>\n\n/opt/hostedtoolcache/Python/3.10.11/x64/lib/python3.10/site-packages/selenium/webdriver/support/wait.py:95: TimeoutException","flaky":false,"newFailed":false,"newBroken":false,"newPassed":false,"retriesCount":0,"retriesStatusChange":false,"beforeStages":[{"name":"_xunit_setup_method_fixture_TestConduit","time":{"start":1681650121920,"stop":1681650122918,"duration":998},"status":"passed","steps":[],"attachments":[],"parameters":[],"stepsCount":0,"attachmentsCount":0,"shouldDisplayMessage":false,"hasContent":false}],"testStage":{"status":"broken","statusMessage":"selenium.common.exceptions.TimeoutException: Message: \nStacktrace:\n#0 0x55becdfdffe3 <unknown>\n#1 0x55becdd1ed36 <unknown>\n#2 0x55becdd5bc4d <unknown>\n#3 0x55becdd5bd61 <unknown>\n#4 0x55becdd976a4 <unknown>\n#5 0x55becdd7c8ed <unknown>\n#6 0x55becdd95232 <unknown>\n#7 0x55becdd7c693 <unknown>\n#8 0x55becdd4f03a <unknown>\n#9 0x55becdd5017e <unknown>\n#10 0x55becdfa1dbd <unknown>\n#11 0x55becdfa5c6c <unknown>\n#12 0x55becdfaf4b0 <unknown>\n#13 0x55becdfa6d63 <unknown>\n#14 0x55becdf79c35 <unknown>\n#15 0x55becdfca138 <unknown>\n#16 0x55becdfca2c7 <unknown>\n#17 0x55becdfd8093 <unknown>\n#18 0x7f12299b1b43 <unknown>","statusTrace":"self = <test_conduit.TestConduit object at 0x7f59f10faad0>\n\n    def test_data_download(self):\n        manipulatepages = model.ManipulatePages()\n    \n        getusers = model.GetUsers()\n    \n        print()\n        print('ATC 11 - Adatok lementése felületről/Cikkek címének lementése csv-be')\n        print()\n    \n        # Bejelentkezem az alkalmazásba.\n        getusers.signin(self.browser, 'user4')\n        time.sleep(5)\n        # Megvárom, amíg megjelenik a \"Log out\" gomb az oldalon.\n>       getusers.logout_btn(self.browser)\n\nTests/Automata teszt/test_conduit.py:330: \n_ _ _ _ _ _ _ _ _ _ _ _ _ _ _ _ _ _ _ _ _ _ _ _ _ _ _ _ _ _ _ _ _ _ _ _ _ _ _ _ \nTests/Automata teszt/model.py:105: in logout_btn\n    return WebDriverWait(browser, 5).until(EC.presence_of_element_located((By.XPATH, \"//i[@class='ion-android-exit']\")))\n_ _ _ _ _ _ _ _ _ _ _ _ _ _ _ _ _ _ _ _ _ _ _ _ _ _ _ _ _ _ _ _ _ _ _ _ _ _ _ _ \n\nself = <selenium.webdriver.support.wait.WebDriverWait (session=\"edce7970d44b3c70cd97aa5c4a028629\")>\nmethod = <function presence_of_element_located.<locals>._predicate at 0x7f59ebf38700>\nmessage = ''\n\n    def until(self, method, message: str = \"\"):\n        \"\"\"Calls the method provided with the driver as an argument until the \\\n        return value does not evaluate to ``False``.\n    \n        :param method: callable(WebDriver)\n        :param message: optional message for :exc:`TimeoutException`\n        :returns: the result of the last call to `method`\n        :raises: :exc:`selenium.common.exceptions.TimeoutException` if timeout occurs\n        \"\"\"\n        screen = None\n        stacktrace = None\n    \n        end_time = time.monotonic() + self._timeout\n        while True:\n            try:\n                value = method(self._driver)\n                if value:\n                    return value\n            except self._ignored_exceptions as exc:\n                screen = getattr(exc, \"screen\", None)\n                stacktrace = getattr(exc, \"stacktrace\", None)\n            time.sleep(self._poll)\n            if time.monotonic() > end_time:\n                break\n>       raise TimeoutException(message, screen, stacktrace)\nE       selenium.common.exceptions.TimeoutException: Message: \nE       Stacktrace:\nE       #0 0x55becdfdffe3 <unknown>\nE       #1 0x55becdd1ed36 <unknown>\nE       #2 0x55becdd5bc4d <unknown>\nE       #3 0x55becdd5bd61 <unknown>\nE       #4 0x55becdd976a4 <unknown>\nE       #5 0x55becdd7c8ed <unknown>\nE       #6 0x55becdd95232 <unknown>\nE       #7 0x55becdd7c693 <unknown>\nE       #8 0x55becdd4f03a <unknown>\nE       #9 0x55becdd5017e <unknown>\nE       #10 0x55becdfa1dbd <unknown>\nE       #11 0x55becdfa5c6c <unknown>\nE       #12 0x55becdfaf4b0 <unknown>\nE       #13 0x55becdfa6d63 <unknown>\nE       #14 0x55becdf79c35 <unknown>\nE       #15 0x55becdfca138 <unknown>\nE       #16 0x55becdfca2c7 <unknown>\nE       #17 0x55becdfd8093 <unknown>\nE       #18 0x7f12299b1b43 <unknown>\n\n/opt/hostedtoolcache/Python/3.10.11/x64/lib/python3.10/site-packages/selenium/webdriver/support/wait.py:95: TimeoutException","steps":[],"attachments":[{"uid":"2b95d7643bcc508f","name":"stdout","source":"2b95d7643bcc508f.txt","type":"text/plain","size":196}],"parameters":[],"stepsCount":0,"attachmentsCount":1,"shouldDisplayMessage":true,"hasContent":true},"afterStages":[{"name":"_xunit_setup_method_fixture_TestConduit::0","time":{"start":1681650135378,"stop":1681650135439,"duration":61},"status":"passed","steps":[],"attachments":[],"parameters":[],"stepsCount":0,"attachmentsCount":0,"shouldDisplayMessage":false,"hasContent":false}],"labels":[{"name":"parentSuite","value":"Tests.Automata teszt"},{"name":"suite","value":"test_conduit"},{"name":"subSuite","value":"TestConduit"},{"name":"host","value":"fv-az419-369"},{"name":"thread","value":"3047-MainThread"},{"name":"framework","value":"pytest"},{"name":"language","value":"cpython3"},{"name":"package","value":"Tests.Automata teszt.test_conduit"},{"name":"resultFormat","value":"allure2"}],"parameters":[],"links":[],"hidden":false,"retry":false,"extra":{"severity":"normal","retries":[],"categories":[{"name":"Test defects","matchedStatuses":[],"flaky":false}],"tags":[]},"source":"a2354a5782cd8fa.json","parameterValues":[]}