{"uid":"4931f448a1d114b0","name":"test_data_download","fullName":"Tests.Automata teszt.test_conduit.TestConduit#test_data_download","historyId":"fc981a1e49b86e955fd5d4fd5d65649e","time":{"start":1681597913645,"stop":1681597919004,"duration":5359},"status":"broken","statusMessage":"selenium.common.exceptions.TimeoutException: Message: \nStacktrace:\n#0 0x558d796b2fe3 <unknown>\n#1 0x558d793f1d36 <unknown>\n#2 0x558d7942ec4d <unknown>\n#3 0x558d7942ed61 <unknown>\n#4 0x558d7946a6a4 <unknown>\n#5 0x558d7944f8ed <unknown>\n#6 0x558d79468232 <unknown>\n#7 0x558d7944f693 <unknown>\n#8 0x558d7942203a <unknown>\n#9 0x558d7942317e <unknown>\n#10 0x558d79674dbd <unknown>\n#11 0x558d79678c6c <unknown>\n#12 0x558d796824b0 <unknown>\n#13 0x558d79679d63 <unknown>\n#14 0x558d7964cc35 <unknown>\n#15 0x558d7969d138 <unknown>\n#16 0x558d7969d2c7 <unknown>\n#17 0x558d796ab093 <unknown>\n#18 0x7ff51f8a6b43 <unknown>","statusTrace":"self = <test_conduit.TestConduit object at 0x7f20246be950>\n\n    def test_data_download(self):\n        manipulatepages = model.ManipulatePages()\n    \n        getusers = model.GetUsers()\n    \n        print()\n        print('ATC 11 - Adatok lementése felületről/Cikkek címének lementése csv-be')\n        print()\n    \n        # Bejelentkezem az alkalmazásba.\n        getusers.signin(self.browser, 'user4')\n    \n        # Megvárom, amíg megjelenik a \"Log out\" gomb az oldalon.\n>       getusers.logout_btn(self.browser)\n\nTests/Automata teszt/test_conduit.py:330: \n_ _ _ _ _ _ _ _ _ _ _ _ _ _ _ _ _ _ _ _ _ _ _ _ _ _ _ _ _ _ _ _ _ _ _ _ _ _ _ _ \nTests/Automata teszt/model.py:103: in logout_btn\n    return WebDriverWait(browser, 5).until(EC.presence_of_element_located((By.CLASS_NAME, 'ion-android-exit')))\n_ _ _ _ _ _ _ _ _ _ _ _ _ _ _ _ _ _ _ _ _ _ _ _ _ _ _ _ _ _ _ _ _ _ _ _ _ _ _ _ \n\nself = <selenium.webdriver.support.wait.WebDriverWait (session=\"441a60e62ea00097379d9d505b3cd7bd\")>\nmethod = <function presence_of_element_located.<locals>._predicate at 0x7f202477f370>\nmessage = ''\n\n    def until(self, method, message: str = \"\"):\n        \"\"\"Calls the method provided with the driver as an argument until the \\\n        return value does not evaluate to ``False``.\n    \n        :param method: callable(WebDriver)\n        :param message: optional message for :exc:`TimeoutException`\n        :returns: the result of the last call to `method`\n        :raises: :exc:`selenium.common.exceptions.TimeoutException` if timeout occurs\n        \"\"\"\n        screen = None\n        stacktrace = None\n    \n        end_time = time.monotonic() + self._timeout\n        while True:\n            try:\n                value = method(self._driver)\n                if value:\n                    return value\n            except self._ignored_exceptions as exc:\n                screen = getattr(exc, \"screen\", None)\n                stacktrace = getattr(exc, \"stacktrace\", None)\n            time.sleep(self._poll)\n            if time.monotonic() > end_time:\n                break\n>       raise TimeoutException(message, screen, stacktrace)\nE       selenium.common.exceptions.TimeoutException: Message: \nE       Stacktrace:\nE       #0 0x558d796b2fe3 <unknown>\nE       #1 0x558d793f1d36 <unknown>\nE       #2 0x558d7942ec4d <unknown>\nE       #3 0x558d7942ed61 <unknown>\nE       #4 0x558d7946a6a4 <unknown>\nE       #5 0x558d7944f8ed <unknown>\nE       #6 0x558d79468232 <unknown>\nE       #7 0x558d7944f693 <unknown>\nE       #8 0x558d7942203a <unknown>\nE       #9 0x558d7942317e <unknown>\nE       #10 0x558d79674dbd <unknown>\nE       #11 0x558d79678c6c <unknown>\nE       #12 0x558d796824b0 <unknown>\nE       #13 0x558d79679d63 <unknown>\nE       #14 0x558d7964cc35 <unknown>\nE       #15 0x558d7969d138 <unknown>\nE       #16 0x558d7969d2c7 <unknown>\nE       #17 0x558d796ab093 <unknown>\nE       #18 0x7ff51f8a6b43 <unknown>\n\n/opt/hostedtoolcache/Python/3.10.11/x64/lib/python3.10/site-packages/selenium/webdriver/support/wait.py:95: TimeoutException","flaky":false,"newFailed":false,"newBroken":false,"newPassed":false,"retriesCount":0,"retriesStatusChange":false,"beforeStages":[{"name":"_xunit_setup_method_fixture_TestConduit","time":{"start":1681597902523,"stop":1681597913645,"duration":11122},"status":"passed","steps":[],"attachments":[],"parameters":[],"stepsCount":0,"attachmentsCount":0,"shouldDisplayMessage":false,"hasContent":false}],"testStage":{"status":"broken","statusMessage":"selenium.common.exceptions.TimeoutException: Message: \nStacktrace:\n#0 0x558d796b2fe3 <unknown>\n#1 0x558d793f1d36 <unknown>\n#2 0x558d7942ec4d <unknown>\n#3 0x558d7942ed61 <unknown>\n#4 0x558d7946a6a4 <unknown>\n#5 0x558d7944f8ed <unknown>\n#6 0x558d79468232 <unknown>\n#7 0x558d7944f693 <unknown>\n#8 0x558d7942203a <unknown>\n#9 0x558d7942317e <unknown>\n#10 0x558d79674dbd <unknown>\n#11 0x558d79678c6c <unknown>\n#12 0x558d796824b0 <unknown>\n#13 0x558d79679d63 <unknown>\n#14 0x558d7964cc35 <unknown>\n#15 0x558d7969d138 <unknown>\n#16 0x558d7969d2c7 <unknown>\n#17 0x558d796ab093 <unknown>\n#18 0x7ff51f8a6b43 <unknown>","statusTrace":"self = <test_conduit.TestConduit object at 0x7f20246be950>\n\n    def test_data_download(self):\n        manipulatepages = model.ManipulatePages()\n    \n        getusers = model.GetUsers()\n    \n        print()\n        print('ATC 11 - Adatok lementése felületről/Cikkek címének lementése csv-be')\n        print()\n    \n        # Bejelentkezem az alkalmazásba.\n        getusers.signin(self.browser, 'user4')\n    \n        # Megvárom, amíg megjelenik a \"Log out\" gomb az oldalon.\n>       getusers.logout_btn(self.browser)\n\nTests/Automata teszt/test_conduit.py:330: \n_ _ _ _ _ _ _ _ _ _ _ _ _ _ _ _ _ _ _ _ _ _ _ _ _ _ _ _ _ _ _ _ _ _ _ _ _ _ _ _ \nTests/Automata teszt/model.py:103: in logout_btn\n    return WebDriverWait(browser, 5).until(EC.presence_of_element_located((By.CLASS_NAME, 'ion-android-exit')))\n_ _ _ _ _ _ _ _ _ _ _ _ _ _ _ _ _ _ _ _ _ _ _ _ _ _ _ _ _ _ _ _ _ _ _ _ _ _ _ _ \n\nself = <selenium.webdriver.support.wait.WebDriverWait (session=\"441a60e62ea00097379d9d505b3cd7bd\")>\nmethod = <function presence_of_element_located.<locals>._predicate at 0x7f202477f370>\nmessage = ''\n\n    def until(self, method, message: str = \"\"):\n        \"\"\"Calls the method provided with the driver as an argument until the \\\n        return value does not evaluate to ``False``.\n    \n        :param method: callable(WebDriver)\n        :param message: optional message for :exc:`TimeoutException`\n        :returns: the result of the last call to `method`\n        :raises: :exc:`selenium.common.exceptions.TimeoutException` if timeout occurs\n        \"\"\"\n        screen = None\n        stacktrace = None\n    \n        end_time = time.monotonic() + self._timeout\n        while True:\n            try:\n                value = method(self._driver)\n                if value:\n                    return value\n            except self._ignored_exceptions as exc:\n                screen = getattr(exc, \"screen\", None)\n                stacktrace = getattr(exc, \"stacktrace\", None)\n            time.sleep(self._poll)\n            if time.monotonic() > end_time:\n                break\n>       raise TimeoutException(message, screen, stacktrace)\nE       selenium.common.exceptions.TimeoutException: Message: \nE       Stacktrace:\nE       #0 0x558d796b2fe3 <unknown>\nE       #1 0x558d793f1d36 <unknown>\nE       #2 0x558d7942ec4d <unknown>\nE       #3 0x558d7942ed61 <unknown>\nE       #4 0x558d7946a6a4 <unknown>\nE       #5 0x558d7944f8ed <unknown>\nE       #6 0x558d79468232 <unknown>\nE       #7 0x558d7944f693 <unknown>\nE       #8 0x558d7942203a <unknown>\nE       #9 0x558d7942317e <unknown>\nE       #10 0x558d79674dbd <unknown>\nE       #11 0x558d79678c6c <unknown>\nE       #12 0x558d796824b0 <unknown>\nE       #13 0x558d79679d63 <unknown>\nE       #14 0x558d7964cc35 <unknown>\nE       #15 0x558d7969d138 <unknown>\nE       #16 0x558d7969d2c7 <unknown>\nE       #17 0x558d796ab093 <unknown>\nE       #18 0x7ff51f8a6b43 <unknown>\n\n/opt/hostedtoolcache/Python/3.10.11/x64/lib/python3.10/site-packages/selenium/webdriver/support/wait.py:95: TimeoutException","steps":[],"attachments":[{"uid":"3a578064e75c1df5","name":"stdout","source":"3a578064e75c1df5.txt","type":"text/plain","size":196}],"parameters":[],"stepsCount":0,"attachmentsCount":1,"shouldDisplayMessage":true,"hasContent":true},"afterStages":[{"name":"_xunit_setup_method_fixture_TestConduit::0","time":{"start":1681597919020,"stop":1681597919077,"duration":57},"status":"passed","steps":[],"attachments":[],"parameters":[],"stepsCount":0,"attachmentsCount":0,"shouldDisplayMessage":false,"hasContent":false}],"labels":[{"name":"parentSuite","value":"Tests.Automata teszt"},{"name":"suite","value":"test_conduit"},{"name":"subSuite","value":"TestConduit"},{"name":"host","value":"fv-az448-997"},{"name":"thread","value":"3080-MainThread"},{"name":"framework","value":"pytest"},{"name":"language","value":"cpython3"},{"name":"package","value":"Tests.Automata teszt.test_conduit"},{"name":"resultFormat","value":"allure2"}],"parameters":[],"links":[],"hidden":false,"retry":false,"extra":{"severity":"normal","retries":[],"categories":[{"name":"Test defects","matchedStatuses":[],"flaky":false}],"tags":[]},"source":"4931f448a1d114b0.json","parameterValues":[]}