{"uid":"aa7181cfbcdc0d76","name":"test_logout","fullName":"Tests.Automata teszt.test_conduit.TestConduit#test_logout","historyId":"257fe6d39ccd5899c5173cfbf6bfae4e","time":{"start":1681598651047,"stop":1681598656576,"duration":5529},"status":"broken","statusMessage":"selenium.common.exceptions.TimeoutException: Message: \nStacktrace:\n#0 0x562c218c4fe3 <unknown>\n#1 0x562c21603d36 <unknown>\n#2 0x562c21640c4d <unknown>\n#3 0x562c21640d61 <unknown>\n#4 0x562c2167c6a4 <unknown>\n#5 0x562c216618ed <unknown>\n#6 0x562c2167a232 <unknown>\n#7 0x562c21661693 <unknown>\n#8 0x562c2163403a <unknown>\n#9 0x562c2163517e <unknown>\n#10 0x562c21886dbd <unknown>\n#11 0x562c2188ac6c <unknown>\n#12 0x562c218944b0 <unknown>\n#13 0x562c2188bd63 <unknown>\n#14 0x562c2185ec35 <unknown>\n#15 0x562c218af138 <unknown>\n#16 0x562c218af2c7 <unknown>\n#17 0x562c218bd093 <unknown>\n#18 0x7f9152243b43 <unknown>","statusTrace":"self = <test_conduit.TestConduit object at 0x7fe3de8a32b0>\n\n    def test_logout(self):\n        getusers = model.GetUsers()\n    \n        print()\n        print('ATC 03 - Kijelentkezés')\n        print()\n    \n        # Bejelentkezem az alkalmazásba\n        getusers.signin(self.browser, 'user1')\n    \n        # Megvárom, amíg megjelenik a \"Log out\" gomb az oldalon.\n>       getusers.logout_btn(self.browser)\n\nTests/Automata teszt/test_conduit.py:72: \n_ _ _ _ _ _ _ _ _ _ _ _ _ _ _ _ _ _ _ _ _ _ _ _ _ _ _ _ _ _ _ _ _ _ _ _ _ _ _ _ \nTests/Automata teszt/model.py:103: in logout_btn\n    return WebDriverWait(browser, 5).until(EC.presence_of_element_located((By.CLASS_NAME, 'ion-android-exit')))\n_ _ _ _ _ _ _ _ _ _ _ _ _ _ _ _ _ _ _ _ _ _ _ _ _ _ _ _ _ _ _ _ _ _ _ _ _ _ _ _ \n\nself = <selenium.webdriver.support.wait.WebDriverWait (session=\"5236ca4e20bc61b0c182a9ad5aefa141\")>\nmethod = <function presence_of_element_located.<locals>._predicate at 0x7fe3dd7a8a60>\nmessage = ''\n\n    def until(self, method, message: str = \"\"):\n        \"\"\"Calls the method provided with the driver as an argument until the \\\n        return value does not evaluate to ``False``.\n    \n        :param method: callable(WebDriver)\n        :param message: optional message for :exc:`TimeoutException`\n        :returns: the result of the last call to `method`\n        :raises: :exc:`selenium.common.exceptions.TimeoutException` if timeout occurs\n        \"\"\"\n        screen = None\n        stacktrace = None\n    \n        end_time = time.monotonic() + self._timeout\n        while True:\n            try:\n                value = method(self._driver)\n                if value:\n                    return value\n            except self._ignored_exceptions as exc:\n                screen = getattr(exc, \"screen\", None)\n                stacktrace = getattr(exc, \"stacktrace\", None)\n            time.sleep(self._poll)\n            if time.monotonic() > end_time:\n                break\n>       raise TimeoutException(message, screen, stacktrace)\nE       selenium.common.exceptions.TimeoutException: Message: \nE       Stacktrace:\nE       #0 0x562c218c4fe3 <unknown>\nE       #1 0x562c21603d36 <unknown>\nE       #2 0x562c21640c4d <unknown>\nE       #3 0x562c21640d61 <unknown>\nE       #4 0x562c2167c6a4 <unknown>\nE       #5 0x562c216618ed <unknown>\nE       #6 0x562c2167a232 <unknown>\nE       #7 0x562c21661693 <unknown>\nE       #8 0x562c2163403a <unknown>\nE       #9 0x562c2163517e <unknown>\nE       #10 0x562c21886dbd <unknown>\nE       #11 0x562c2188ac6c <unknown>\nE       #12 0x562c218944b0 <unknown>\nE       #13 0x562c2188bd63 <unknown>\nE       #14 0x562c2185ec35 <unknown>\nE       #15 0x562c218af138 <unknown>\nE       #16 0x562c218af2c7 <unknown>\nE       #17 0x562c218bd093 <unknown>\nE       #18 0x7f9152243b43 <unknown>\n\n/opt/hostedtoolcache/Python/3.10.11/x64/lib/python3.10/site-packages/selenium/webdriver/support/wait.py:95: TimeoutException","flaky":false,"newFailed":false,"newBroken":false,"newPassed":false,"retriesCount":0,"retriesStatusChange":false,"beforeStages":[{"name":"_xunit_setup_method_fixture_TestConduit","time":{"start":1681598639972,"stop":1681598651046,"duration":11074},"status":"passed","steps":[],"attachments":[],"parameters":[],"stepsCount":0,"attachmentsCount":0,"shouldDisplayMessage":false,"hasContent":false}],"testStage":{"status":"broken","statusMessage":"selenium.common.exceptions.TimeoutException: Message: \nStacktrace:\n#0 0x562c218c4fe3 <unknown>\n#1 0x562c21603d36 <unknown>\n#2 0x562c21640c4d <unknown>\n#3 0x562c21640d61 <unknown>\n#4 0x562c2167c6a4 <unknown>\n#5 0x562c216618ed <unknown>\n#6 0x562c2167a232 <unknown>\n#7 0x562c21661693 <unknown>\n#8 0x562c2163403a <unknown>\n#9 0x562c2163517e <unknown>\n#10 0x562c21886dbd <unknown>\n#11 0x562c2188ac6c <unknown>\n#12 0x562c218944b0 <unknown>\n#13 0x562c2188bd63 <unknown>\n#14 0x562c2185ec35 <unknown>\n#15 0x562c218af138 <unknown>\n#16 0x562c218af2c7 <unknown>\n#17 0x562c218bd093 <unknown>\n#18 0x7f9152243b43 <unknown>","statusTrace":"self = <test_conduit.TestConduit object at 0x7fe3de8a32b0>\n\n    def test_logout(self):\n        getusers = model.GetUsers()\n    \n        print()\n        print('ATC 03 - Kijelentkezés')\n        print()\n    \n        # Bejelentkezem az alkalmazásba\n        getusers.signin(self.browser, 'user1')\n    \n        # Megvárom, amíg megjelenik a \"Log out\" gomb az oldalon.\n>       getusers.logout_btn(self.browser)\n\nTests/Automata teszt/test_conduit.py:72: \n_ _ _ _ _ _ _ _ _ _ _ _ _ _ _ _ _ _ _ _ _ _ _ _ _ _ _ _ _ _ _ _ _ _ _ _ _ _ _ _ \nTests/Automata teszt/model.py:103: in logout_btn\n    return WebDriverWait(browser, 5).until(EC.presence_of_element_located((By.CLASS_NAME, 'ion-android-exit')))\n_ _ _ _ _ _ _ _ _ _ _ _ _ _ _ _ _ _ _ _ _ _ _ _ _ _ _ _ _ _ _ _ _ _ _ _ _ _ _ _ \n\nself = <selenium.webdriver.support.wait.WebDriverWait (session=\"5236ca4e20bc61b0c182a9ad5aefa141\")>\nmethod = <function presence_of_element_located.<locals>._predicate at 0x7fe3dd7a8a60>\nmessage = ''\n\n    def until(self, method, message: str = \"\"):\n        \"\"\"Calls the method provided with the driver as an argument until the \\\n        return value does not evaluate to ``False``.\n    \n        :param method: callable(WebDriver)\n        :param message: optional message for :exc:`TimeoutException`\n        :returns: the result of the last call to `method`\n        :raises: :exc:`selenium.common.exceptions.TimeoutException` if timeout occurs\n        \"\"\"\n        screen = None\n        stacktrace = None\n    \n        end_time = time.monotonic() + self._timeout\n        while True:\n            try:\n                value = method(self._driver)\n                if value:\n                    return value\n            except self._ignored_exceptions as exc:\n                screen = getattr(exc, \"screen\", None)\n                stacktrace = getattr(exc, \"stacktrace\", None)\n            time.sleep(self._poll)\n            if time.monotonic() > end_time:\n                break\n>       raise TimeoutException(message, screen, stacktrace)\nE       selenium.common.exceptions.TimeoutException: Message: \nE       Stacktrace:\nE       #0 0x562c218c4fe3 <unknown>\nE       #1 0x562c21603d36 <unknown>\nE       #2 0x562c21640c4d <unknown>\nE       #3 0x562c21640d61 <unknown>\nE       #4 0x562c2167c6a4 <unknown>\nE       #5 0x562c216618ed <unknown>\nE       #6 0x562c2167a232 <unknown>\nE       #7 0x562c21661693 <unknown>\nE       #8 0x562c2163403a <unknown>\nE       #9 0x562c2163517e <unknown>\nE       #10 0x562c21886dbd <unknown>\nE       #11 0x562c2188ac6c <unknown>\nE       #12 0x562c218944b0 <unknown>\nE       #13 0x562c2188bd63 <unknown>\nE       #14 0x562c2185ec35 <unknown>\nE       #15 0x562c218af138 <unknown>\nE       #16 0x562c218af2c7 <unknown>\nE       #17 0x562c218bd093 <unknown>\nE       #18 0x7f9152243b43 <unknown>\n\n/opt/hostedtoolcache/Python/3.10.11/x64/lib/python3.10/site-packages/selenium/webdriver/support/wait.py:95: TimeoutException","steps":[],"attachments":[{"uid":"36dbfc71ae13552e","name":"stdout","source":"36dbfc71ae13552e.txt","type":"text/plain","size":148}],"parameters":[],"stepsCount":0,"attachmentsCount":1,"shouldDisplayMessage":true,"hasContent":true},"afterStages":[{"name":"_xunit_setup_method_fixture_TestConduit::0","time":{"start":1681598656592,"stop":1681598656649,"duration":57},"status":"passed","steps":[],"attachments":[],"parameters":[],"stepsCount":0,"attachmentsCount":0,"shouldDisplayMessage":false,"hasContent":false}],"labels":[{"name":"parentSuite","value":"Tests.Automata teszt"},{"name":"suite","value":"test_conduit"},{"name":"subSuite","value":"TestConduit"},{"name":"host","value":"fv-az166-556"},{"name":"thread","value":"3066-MainThread"},{"name":"framework","value":"pytest"},{"name":"language","value":"cpython3"},{"name":"package","value":"Tests.Automata teszt.test_conduit"},{"name":"resultFormat","value":"allure2"}],"parameters":[],"links":[],"hidden":false,"retry":false,"extra":{"severity":"normal","retries":[],"categories":[{"name":"Test defects","matchedStatuses":[],"flaky":false}],"tags":[]},"source":"aa7181cfbcdc0d76.json","parameterValues":[]}